<?xml version="1.0" encoding="UTF-8"?>
<testsuites name="jest tests" tests="60" failures="0" errors="0" time="1.384">
  <testsuite name="GPT-5 Foundation API" errors="0" failures="0" skipped="0" timestamp="2025-08-12T18:58:47" time="0.995" tests="14">
    <testcase classname="GPT-5 Foundation API Health Endpoint should return basic health status" name="GPT-5 Foundation API Health Endpoint should return basic health status" time="0.024">
    </testcase>
    <testcase classname="GPT-5 Foundation API Health Endpoint should include CORS headers" name="GPT-5 Foundation API Health Endpoint should include CORS headers" time="0.01">
    </testcase>
    <testcase classname="GPT-5 Foundation API Health Endpoint should respond quickly" name="GPT-5 Foundation API Health Endpoint should respond quickly" time="0.002">
    </testcase>
    <testcase classname="GPT-5 Foundation API Parties Endpoint should return parties data" name="GPT-5 Foundation API Parties Endpoint should return parties data" time="0.003">
    </testcase>
    <testcase classname="GPT-5 Foundation API Parties Endpoint should include CORS headers" name="GPT-5 Foundation API Parties Endpoint should include CORS headers" time="0.003">
    </testcase>
    <testcase classname="GPT-5 Foundation API Sync Endpoint should handle GET requests" name="GPT-5 Foundation API Sync Endpoint should handle GET requests" time="0.002">
    </testcase>
    <testcase classname="GPT-5 Foundation API Sync Endpoint should handle POST requests" name="GPT-5 Foundation API Sync Endpoint should handle POST requests" time="0.002">
    </testcase>
    <testcase classname="GPT-5 Foundation API Error Handling should handle 404 for unknown endpoints" name="GPT-5 Foundation API Error Handling should handle 404 for unknown endpoints" time="0.003">
    </testcase>
    <testcase classname="GPT-5 Foundation API Error Handling should handle internal errors gracefully" name="GPT-5 Foundation API Error Handling should handle internal errors gracefully" time="0.004">
    </testcase>
    <testcase classname="GPT-5 Foundation API CORS Handling should handle OPTIONS preflight requests" name="GPT-5 Foundation API CORS Handling should handle OPTIONS preflight requests" time="0.002">
    </testcase>
    <testcase classname="GPT-5 Foundation API CORS Handling should set CORS headers for all requests" name="GPT-5 Foundation API CORS Handling should set CORS headers for all requests" time="0.001">
    </testcase>
    <testcase classname="GPT-5 Foundation API CORS Handling should handle requests from allowed origins" name="GPT-5 Foundation API CORS Handling should handle requests from allowed origins" time="0.002">
    </testcase>
    <testcase classname="GPT-5 Foundation API Performance should respond quickly" name="GPT-5 Foundation API Performance should respond quickly" time="0.002">
    </testcase>
    <testcase classname="GPT-5 Foundation API Performance should include response time in health check" name="GPT-5 Foundation API Performance should include response time in health check" time="0.002">
    </testcase>
  </testsuite>
  <testsuite name="🔌 API Endpoints - Complete Test Suite" errors="0" failures="0" skipped="0" timestamp="2025-08-12T18:58:48" time="0.062" tests="37">
    <testcase classname="🔌 API Endpoints - Complete Test Suite 🩺 Health &amp; Status Endpoints GET /api/health should return comprehensive health status" name="🔌 API Endpoints - Complete Test Suite 🩺 Health &amp; Status Endpoints GET /api/health should return comprehensive health status" time="0.001">
    </testcase>
    <testcase classname="🔌 API Endpoints - Complete Test Suite 🩺 Health &amp; Status Endpoints should handle health check with performance metrics" name="🔌 API Endpoints - Complete Test Suite 🩺 Health &amp; Status Endpoints should handle health check with performance metrics" time="0.001">
    </testcase>
    <testcase classname="🔌 API Endpoints - Complete Test Suite 🩺 Health &amp; Status Endpoints should include CORS headers in health response" name="🔌 API Endpoints - Complete Test Suite 🩺 Health &amp; Status Endpoints should include CORS headers in health response" time="0.001">
    </testcase>
    <testcase classname="🔌 API Endpoints - Complete Test Suite 🎉 Parties &amp; Events Endpoints GET /api/parties should return paginated events" name="🔌 API Endpoints - Complete Test Suite 🎉 Parties &amp; Events Endpoints GET /api/parties should return paginated events" time="0.006">
    </testcase>
    <testcase classname="🔌 API Endpoints - Complete Test Suite 🎉 Parties &amp; Events Endpoints GET /api/parties with pagination parameters" name="🔌 API Endpoints - Complete Test Suite 🎉 Parties &amp; Events Endpoints GET /api/parties with pagination parameters" time="0.001">
    </testcase>
    <testcase classname="🔌 API Endpoints - Complete Test Suite 🎉 Parties &amp; Events Endpoints GET /api/parties should handle UGC events inclusion" name="🔌 API Endpoints - Complete Test Suite 🎉 Parties &amp; Events Endpoints GET /api/parties should handle UGC events inclusion" time="0.003">
    </testcase>
    <testcase classname="🔌 API Endpoints - Complete Test Suite 🎉 Parties &amp; Events Endpoints should handle empty parties response gracefully" name="🔌 API Endpoints - Complete Test Suite 🎉 Parties &amp; Events Endpoints should handle empty parties response gracefully" time="0.001">
    </testcase>
    <testcase classname="🔌 API Endpoints - Complete Test Suite 👍 Swipe &amp; Interaction Endpoints POST /api/swipe should record user interactions" name="🔌 API Endpoints - Complete Test Suite 👍 Swipe &amp; Interaction Endpoints POST /api/swipe should record user interactions" time="0">
    </testcase>
    <testcase classname="🔌 API Endpoints - Complete Test Suite 👍 Swipe &amp; Interaction Endpoints POST /api/swipe should validate required fields" name="🔌 API Endpoints - Complete Test Suite 👍 Swipe &amp; Interaction Endpoints POST /api/swipe should validate required fields" time="0">
    </testcase>
    <testcase classname="🔌 API Endpoints - Complete Test Suite 👍 Swipe &amp; Interaction Endpoints should handle different swipe actions appropriately" name="🔌 API Endpoints - Complete Test Suite 👍 Swipe &amp; Interaction Endpoints should handle different swipe actions appropriately" time="0.001">
    </testcase>
    <testcase classname="🔌 API Endpoints - Complete Test Suite 🔗 Sync &amp; Management Endpoints POST /api/sync should sync Google Sheets data" name="🔌 API Endpoints - Complete Test Suite 🔗 Sync &amp; Management Endpoints POST /api/sync should sync Google Sheets data" time="0">
    </testcase>
    <testcase classname="🔌 API Endpoints - Complete Test Suite 🔗 Sync &amp; Management Endpoints POST /api/sync should handle empty sheets gracefully" name="🔌 API Endpoints - Complete Test Suite 🔗 Sync &amp; Management Endpoints POST /api/sync should handle empty sheets gracefully" time="0.001">
    </testcase>
    <testcase classname="🔌 API Endpoints - Complete Test Suite 🔗 Sync &amp; Management Endpoints POST /api/admin/clear should clear all parties" name="🔌 API Endpoints - Complete Test Suite 🔗 Sync &amp; Management Endpoints POST /api/admin/clear should clear all parties" time="0">
    </testcase>
    <testcase classname="🔌 API Endpoints - Complete Test Suite 📝 UGC (User Generated Content) Endpoints POST /api/ugc/events/create should create user event" name="🔌 API Endpoints - Complete Test Suite 📝 UGC (User Generated Content) Endpoints POST /api/ugc/events/create should create user event" time="0">
    </testcase>
    <testcase classname="🔌 API Endpoints - Complete Test Suite 📝 UGC (User Generated Content) Endpoints GET /api/ugc/events should return user-generated events" name="🔌 API Endpoints - Complete Test Suite 📝 UGC (User Generated Content) Endpoints GET /api/ugc/events should return user-generated events" time="0">
    </testcase>
    <testcase classname="🔌 API Endpoints - Complete Test Suite 📝 UGC (User Generated Content) Endpoints DELETE /api/ugc/events should remove user events" name="🔌 API Endpoints - Complete Test Suite 📝 UGC (User Generated Content) Endpoints DELETE /api/ugc/events should remove user events" time="0">
    </testcase>
    <testcase classname="🔌 API Endpoints - Complete Test Suite 🔗 Referral System Endpoints POST /api/referral/generate should create referral codes" name="🔌 API Endpoints - Complete Test Suite 🔗 Referral System Endpoints POST /api/referral/generate should create referral codes" time="0.001">
    </testcase>
    <testcase classname="🔌 API Endpoints - Complete Test Suite 🔗 Referral System Endpoints POST /api/referral/track should track referral actions" name="🔌 API Endpoints - Complete Test Suite 🔗 Referral System Endpoints POST /api/referral/track should track referral actions" time="0.001">
    </testcase>
    <testcase classname="🔌 API Endpoints - Complete Test Suite 🔗 Referral System Endpoints GET /api/referral/stats/{userId} should return user referral analytics" name="🔌 API Endpoints - Complete Test Suite 🔗 Referral System Endpoints GET /api/referral/stats/{userId} should return user referral analytics" time="0.001">
    </testcase>
    <testcase classname="🔌 API Endpoints - Complete Test Suite 💌 Invite System Endpoints GET /api/invites/status should return user invite status" name="🔌 API Endpoints - Complete Test Suite 💌 Invite System Endpoints GET /api/invites/status should return user invite status" time="0">
    </testcase>
    <testcase classname="🔌 API Endpoints - Complete Test Suite 💌 Invite System Endpoints POST /api/invites/create should create new invites" name="🔌 API Endpoints - Complete Test Suite 💌 Invite System Endpoints POST /api/invites/create should create new invites" time="0">
    </testcase>
    <testcase classname="🔌 API Endpoints - Complete Test Suite 💌 Invite System Endpoints POST /api/invites/redeem should process invite redemption" name="🔌 API Endpoints - Complete Test Suite 💌 Invite System Endpoints POST /api/invites/redeem should process invite redemption" time="0.001">
    </testcase>
    <testcase classname="🔌 API Endpoints - Complete Test Suite 💌 Invite System Endpoints GET /api/invites/sent should return user sent invites" name="🔌 API Endpoints - Complete Test Suite 💌 Invite System Endpoints GET /api/invites/sent should return user sent invites" time="0">
    </testcase>
    <testcase classname="🔌 API Endpoints - Complete Test Suite 💌 Invite System Endpoints GET /api/invites/me should return personal invite link" name="🔌 API Endpoints - Complete Test Suite 💌 Invite System Endpoints GET /api/invites/me should return personal invite link" time="0.001">
    </testcase>
    <testcase classname="🔌 API Endpoints - Complete Test Suite 💌 Invite System Endpoints POST /api/invites/bonus should grant bonus invites" name="🔌 API Endpoints - Complete Test Suite 💌 Invite System Endpoints POST /api/invites/bonus should grant bonus invites" time="0.001">
    </testcase>
    <testcase classname="🔌 API Endpoints - Complete Test Suite 🤝 Connection System Endpoints POST /api/connections/add should add user connections" name="🔌 API Endpoints - Complete Test Suite 🤝 Connection System Endpoints POST /api/connections/add should add user connections" time="0">
    </testcase>
    <testcase classname="🔌 API Endpoints - Complete Test Suite 🔧 Calendar &amp; OAuth Endpoints GET /api/calendar/oauth/start should initiate OAuth flow" name="🔌 API Endpoints - Complete Test Suite 🔧 Calendar &amp; OAuth Endpoints GET /api/calendar/oauth/start should initiate OAuth flow" time="0.001">
    </testcase>
    <testcase classname="🔌 API Endpoints - Complete Test Suite 🛡️ Security &amp; Error Handling should handle invalid endpoints with 404" name="🔌 API Endpoints - Complete Test Suite 🛡️ Security &amp; Error Handling should handle invalid endpoints with 404" time="0">
    </testcase>
    <testcase classname="🔌 API Endpoints - Complete Test Suite 🛡️ Security &amp; Error Handling should handle method not allowed with 405" name="🔌 API Endpoints - Complete Test Suite 🛡️ Security &amp; Error Handling should handle method not allowed with 405" time="0">
    </testcase>
    <testcase classname="🔌 API Endpoints - Complete Test Suite 🛡️ Security &amp; Error Handling should handle request validation errors" name="🔌 API Endpoints - Complete Test Suite 🛡️ Security &amp; Error Handling should handle request validation errors" time="0.001">
    </testcase>
    <testcase classname="🔌 API Endpoints - Complete Test Suite 🛡️ Security &amp; Error Handling should handle rate limiting" name="🔌 API Endpoints - Complete Test Suite 🛡️ Security &amp; Error Handling should handle rate limiting" time="0">
    </testcase>
    <testcase classname="🔌 API Endpoints - Complete Test Suite 🛡️ Security &amp; Error Handling should validate CORS origins" name="🔌 API Endpoints - Complete Test Suite 🛡️ Security &amp; Error Handling should validate CORS origins" time="0">
    </testcase>
    <testcase classname="🔌 API Endpoints - Complete Test Suite 🛡️ Security &amp; Error Handling should handle JSON parsing errors" name="🔌 API Endpoints - Complete Test Suite 🛡️ Security &amp; Error Handling should handle JSON parsing errors" time="0">
    </testcase>
    <testcase classname="🔌 API Endpoints - Complete Test Suite 🛡️ Security &amp; Error Handling should handle payload size limits" name="🔌 API Endpoints - Complete Test Suite 🛡️ Security &amp; Error Handling should handle payload size limits" time="0">
    </testcase>
    <testcase classname="🔌 API Endpoints - Complete Test Suite ⚡ Performance &amp; Monitoring should track response times" name="🔌 API Endpoints - Complete Test Suite ⚡ Performance &amp; Monitoring should track response times" time="0">
    </testcase>
    <testcase classname="🔌 API Endpoints - Complete Test Suite ⚡ Performance &amp; Monitoring should include cost monitoring data" name="🔌 API Endpoints - Complete Test Suite ⚡ Performance &amp; Monitoring should include cost monitoring data" time="0.001">
    </testcase>
    <testcase classname="🔌 API Endpoints - Complete Test Suite ⚡ Performance &amp; Monitoring should validate cache optimization" name="🔌 API Endpoints - Complete Test Suite ⚡ Performance &amp; Monitoring should validate cache optimization" time="0">
    </testcase>
  </testsuite>
  <testsuite name="API Unit Tests" errors="0" failures="0" skipped="0" timestamp="2025-08-12T18:58:48" time="0.032" tests="9">
    <testcase classname="API Unit Tests should initialize test environment" name="API Unit Tests should initialize test environment" time="0.001">
    </testcase>
    <testcase classname="API Unit Tests should validate basic functionality" name="API Unit Tests should validate basic functionality" time="0">
    </testcase>
    <testcase classname="API Unit Tests should handle JSON operations" name="API Unit Tests should handle JSON operations" time="0">
    </testcase>
    <testcase classname="API Unit Tests should validate array operations" name="API Unit Tests should validate array operations" time="0.001">
    </testcase>
    <testcase classname="API Unit Tests should handle async operations" name="API Unit Tests should handle async operations" time="0">
    </testcase>
    <testcase classname="API Unit Tests should validate error handling" name="API Unit Tests should validate error handling" time="0.004">
    </testcase>
    <testcase classname="API Unit Tests should handle date operations" name="API Unit Tests should handle date operations" time="0">
    </testcase>
    <testcase classname="API Unit Tests should validate configuration loading" name="API Unit Tests should validate configuration loading" time="0.001">
    </testcase>
    <testcase classname="API Unit Tests should handle performance optimization structures" name="API Unit Tests should handle performance optimization structures" time="0">
    </testcase>
  </testsuite>
</testsuites>