<?xml version="1.0" encoding="UTF-8"?>
<testsuites name="jest tests" tests="133" failures="3" errors="0" time="5.623">
  <testsuite name="🤝 Professional Networking Integration Tests" errors="0" failures="0" skipped="0" timestamp="2025-08-17T04:52:39" time="1.041" tests="11">
    <testcase classname="🤝 Professional Networking Integration Tests 👤 Professional Onboarding Flow should complete 4-step professional onboarding" name="🤝 Professional Networking Integration Tests 👤 Professional Onboarding Flow should complete 4-step professional onboarding" time="0.01">
    </testcase>
    <testcase classname="🤝 Professional Networking Integration Tests 👤 Professional Onboarding Flow should validate persona-specific opportunities" name="🤝 Professional Networking Integration Tests 👤 Professional Onboarding Flow should validate persona-specific opportunities" time="0.002">
    </testcase>
    <testcase classname="🤝 Professional Networking Integration Tests 👤 Professional Onboarding Flow should handle onboarding errors gracefully" name="🤝 Professional Networking Integration Tests 👤 Professional Onboarding Flow should handle onboarding errors gracefully" time="0.202">
    </testcase>
    <testcase classname="🤝 Professional Networking Integration Tests 💼 Professional Opportunities System should match opportunities based on user persona" name="🤝 Professional Networking Integration Tests 💼 Professional Opportunities System should match opportunities based on user persona" time="0.002">
    </testcase>
    <testcase classname="🤝 Professional Networking Integration Tests 💼 Professional Opportunities System should handle opportunity consent and privacy" name="🤝 Professional Networking Integration Tests 💼 Professional Opportunities System should handle opportunity consent and privacy" time="0.001">
    </testcase>
    <testcase classname="🤝 Professional Networking Integration Tests 📍 Proximity &amp; Location Intelligence should handle venue-based proximity detection" name="🤝 Professional Networking Integration Tests 📍 Proximity &amp; Location Intelligence should handle venue-based proximity detection" time="0.001">
    </testcase>
    <testcase classname="🤝 Professional Networking Integration Tests 📍 Proximity &amp; Location Intelligence should respect privacy preferences in proximity detection" name="🤝 Professional Networking Integration Tests 📍 Proximity &amp; Location Intelligence should respect privacy preferences in proximity detection" time="0.001">
    </testcase>
    <testcase classname="🤝 Professional Networking Integration Tests 🔗 Cross-Conference Persistence should maintain user network across conferences" name="🤝 Professional Networking Integration Tests 🔗 Cross-Conference Persistence should maintain user network across conferences" time="0.001">
    </testcase>
    <testcase classname="🤝 Professional Networking Integration Tests 🔗 Cross-Conference Persistence should handle network migration and data portability" name="🤝 Professional Networking Integration Tests 🔗 Cross-Conference Persistence should handle network migration and data portability" time="0.001">
    </testcase>
    <testcase classname="🤝 Professional Networking Integration Tests 📱 Mobile-First Networking UX should handle bottom navigation and gesture interactions" name="🤝 Professional Networking Integration Tests 📱 Mobile-First Networking UX should handle bottom navigation and gesture interactions" time="0.002">
    </testcase>
    <testcase classname="🤝 Professional Networking Integration Tests 📱 Mobile-First Networking UX should optimize for offline networking scenarios" name="🤝 Professional Networking Integration Tests 📱 Mobile-First Networking UX should optimize for offline networking scenarios" time="0.152">
    </testcase>
  </testsuite>
  <testsuite name="⚡ Performance Optimization Systems" errors="0" failures="0" skipped="0" timestamp="2025-08-17T04:52:40" time="0.965" tests="10">
    <testcase classname="⚡ Performance Optimization Systems 🚀 Cache Manager Performance should perform cache operations within performance thresholds" name="⚡ Performance Optimization Systems 🚀 Cache Manager Performance should perform cache operations within performance thresholds" time="0.008">
    </testcase>
    <testcase classname="⚡ Performance Optimization Systems 🚀 Cache Manager Performance should handle memory pressure efficiently" name="⚡ Performance Optimization Systems 🚀 Cache Manager Performance should handle memory pressure efficiently" time="0.01">
    </testcase>
    <testcase classname="⚡ Performance Optimization Systems 🚀 Cache Manager Performance should batch operations efficiently" name="⚡ Performance Optimization Systems 🚀 Cache Manager Performance should batch operations efficiently" time="0.005">
    </testcase>
    <testcase classname="⚡ Performance Optimization Systems 📦 Module Loading Performance should load modules within performance thresholds" name="⚡ Performance Optimization Systems 📦 Module Loading Performance should load modules within performance thresholds" time="0.052">
    </testcase>
    <testcase classname="⚡ Performance Optimization Systems 📦 Module Loading Performance should handle failed imports gracefully" name="⚡ Performance Optimization Systems 📦 Module Loading Performance should handle failed imports gracefully" time="0.012">
    </testcase>
    <testcase classname="⚡ Performance Optimization Systems 🔄 System Integration Performance should handle concurrent operations efficiently" name="⚡ Performance Optimization Systems 🔄 System Integration Performance should handle concurrent operations efficiently" time="0.025">
    </testcase>
    <testcase classname="⚡ Performance Optimization Systems 🔄 System Integration Performance should optimize memory usage under load" name="⚡ Performance Optimization Systems 🔄 System Integration Performance should optimize memory usage under load" time="0.012">
    </testcase>
    <testcase classname="⚡ Performance Optimization Systems 📊 Performance Benchmarking should meet enterprise performance standards" name="⚡ Performance Optimization Systems 📊 Performance Benchmarking should meet enterprise performance standards" time="0.002">
    </testcase>
    <testcase classname="⚡ Performance Optimization Systems 📊 Performance Benchmarking should handle load testing scenarios" name="⚡ Performance Optimization Systems 📊 Performance Benchmarking should handle load testing scenarios" time="0.525">
    </testcase>
    <testcase classname="⚡ Performance Optimization Systems 🔍 Real-time Monitoring Simulation should track performance metrics in real-time" name="⚡ Performance Optimization Systems 🔍 Real-time Monitoring Simulation should track performance metrics in real-time" time="0.038">
    </testcase>
  </testsuite>
  <testsuite name="🔌 API Endpoints - Complete Test Suite" errors="0" failures="0" skipped="0" timestamp="2025-08-17T04:52:41" time="0.169" tests="37">
    <testcase classname="🔌 API Endpoints - Complete Test Suite 🩺 Health &amp; Status Endpoints GET /api/health should return comprehensive health status" name="🔌 API Endpoints - Complete Test Suite 🩺 Health &amp; Status Endpoints GET /api/health should return comprehensive health status" time="0.004">
    </testcase>
    <testcase classname="🔌 API Endpoints - Complete Test Suite 🩺 Health &amp; Status Endpoints should handle health check with performance metrics" name="🔌 API Endpoints - Complete Test Suite 🩺 Health &amp; Status Endpoints should handle health check with performance metrics" time="0">
    </testcase>
    <testcase classname="🔌 API Endpoints - Complete Test Suite 🩺 Health &amp; Status Endpoints should include CORS headers in health response" name="🔌 API Endpoints - Complete Test Suite 🩺 Health &amp; Status Endpoints should include CORS headers in health response" time="0.001">
    </testcase>
    <testcase classname="🔌 API Endpoints - Complete Test Suite 🎉 Parties &amp; Events Endpoints GET /api/parties should return paginated events" name="🔌 API Endpoints - Complete Test Suite 🎉 Parties &amp; Events Endpoints GET /api/parties should return paginated events" time="0.002">
    </testcase>
    <testcase classname="🔌 API Endpoints - Complete Test Suite 🎉 Parties &amp; Events Endpoints GET /api/parties with pagination parameters" name="🔌 API Endpoints - Complete Test Suite 🎉 Parties &amp; Events Endpoints GET /api/parties with pagination parameters" time="0.001">
    </testcase>
    <testcase classname="🔌 API Endpoints - Complete Test Suite 🎉 Parties &amp; Events Endpoints GET /api/parties should handle UGC events inclusion" name="🔌 API Endpoints - Complete Test Suite 🎉 Parties &amp; Events Endpoints GET /api/parties should handle UGC events inclusion" time="0.001">
    </testcase>
    <testcase classname="🔌 API Endpoints - Complete Test Suite 🎉 Parties &amp; Events Endpoints should handle empty parties response gracefully" name="🔌 API Endpoints - Complete Test Suite 🎉 Parties &amp; Events Endpoints should handle empty parties response gracefully" time="0.001">
    </testcase>
    <testcase classname="🔌 API Endpoints - Complete Test Suite 👍 Swipe &amp; Interaction Endpoints POST /api/swipe should record user interactions" name="🔌 API Endpoints - Complete Test Suite 👍 Swipe &amp; Interaction Endpoints POST /api/swipe should record user interactions" time="0">
    </testcase>
    <testcase classname="🔌 API Endpoints - Complete Test Suite 👍 Swipe &amp; Interaction Endpoints POST /api/swipe should validate required fields" name="🔌 API Endpoints - Complete Test Suite 👍 Swipe &amp; Interaction Endpoints POST /api/swipe should validate required fields" time="0.001">
    </testcase>
    <testcase classname="🔌 API Endpoints - Complete Test Suite 👍 Swipe &amp; Interaction Endpoints should handle different swipe actions appropriately" name="🔌 API Endpoints - Complete Test Suite 👍 Swipe &amp; Interaction Endpoints should handle different swipe actions appropriately" time="0">
    </testcase>
    <testcase classname="🔌 API Endpoints - Complete Test Suite 🔗 Sync &amp; Management Endpoints POST /api/sync should sync Google Sheets data" name="🔌 API Endpoints - Complete Test Suite 🔗 Sync &amp; Management Endpoints POST /api/sync should sync Google Sheets data" time="0.001">
    </testcase>
    <testcase classname="🔌 API Endpoints - Complete Test Suite 🔗 Sync &amp; Management Endpoints POST /api/sync should handle empty sheets gracefully" name="🔌 API Endpoints - Complete Test Suite 🔗 Sync &amp; Management Endpoints POST /api/sync should handle empty sheets gracefully" time="0">
    </testcase>
    <testcase classname="🔌 API Endpoints - Complete Test Suite 🔗 Sync &amp; Management Endpoints POST /api/admin/clear should clear all parties" name="🔌 API Endpoints - Complete Test Suite 🔗 Sync &amp; Management Endpoints POST /api/admin/clear should clear all parties" time="0">
    </testcase>
    <testcase classname="🔌 API Endpoints - Complete Test Suite 📝 UGC (User Generated Content) Endpoints POST /api/ugc/events/create should create user event" name="🔌 API Endpoints - Complete Test Suite 📝 UGC (User Generated Content) Endpoints POST /api/ugc/events/create should create user event" time="0.001">
    </testcase>
    <testcase classname="🔌 API Endpoints - Complete Test Suite 📝 UGC (User Generated Content) Endpoints GET /api/ugc/events should return user-generated events" name="🔌 API Endpoints - Complete Test Suite 📝 UGC (User Generated Content) Endpoints GET /api/ugc/events should return user-generated events" time="0">
    </testcase>
    <testcase classname="🔌 API Endpoints - Complete Test Suite 📝 UGC (User Generated Content) Endpoints DELETE /api/ugc/events should remove user events" name="🔌 API Endpoints - Complete Test Suite 📝 UGC (User Generated Content) Endpoints DELETE /api/ugc/events should remove user events" time="0">
    </testcase>
    <testcase classname="🔌 API Endpoints - Complete Test Suite 🔗 Referral System Endpoints POST /api/referral/generate should create referral codes" name="🔌 API Endpoints - Complete Test Suite 🔗 Referral System Endpoints POST /api/referral/generate should create referral codes" time="0.001">
    </testcase>
    <testcase classname="🔌 API Endpoints - Complete Test Suite 🔗 Referral System Endpoints POST /api/referral/track should track referral actions" name="🔌 API Endpoints - Complete Test Suite 🔗 Referral System Endpoints POST /api/referral/track should track referral actions" time="0.001">
    </testcase>
    <testcase classname="🔌 API Endpoints - Complete Test Suite 🔗 Referral System Endpoints GET /api/referral/stats/{userId} should return user referral analytics" name="🔌 API Endpoints - Complete Test Suite 🔗 Referral System Endpoints GET /api/referral/stats/{userId} should return user referral analytics" time="0">
    </testcase>
    <testcase classname="🔌 API Endpoints - Complete Test Suite 💌 Invite System Endpoints GET /api/invites/status should return user invite status" name="🔌 API Endpoints - Complete Test Suite 💌 Invite System Endpoints GET /api/invites/status should return user invite status" time="0.001">
    </testcase>
    <testcase classname="🔌 API Endpoints - Complete Test Suite 💌 Invite System Endpoints POST /api/invites/create should create new invites" name="🔌 API Endpoints - Complete Test Suite 💌 Invite System Endpoints POST /api/invites/create should create new invites" time="0.001">
    </testcase>
    <testcase classname="🔌 API Endpoints - Complete Test Suite 💌 Invite System Endpoints POST /api/invites/redeem should process invite redemption" name="🔌 API Endpoints - Complete Test Suite 💌 Invite System Endpoints POST /api/invites/redeem should process invite redemption" time="0">
    </testcase>
    <testcase classname="🔌 API Endpoints - Complete Test Suite 💌 Invite System Endpoints GET /api/invites/sent should return user sent invites" name="🔌 API Endpoints - Complete Test Suite 💌 Invite System Endpoints GET /api/invites/sent should return user sent invites" time="0.001">
    </testcase>
    <testcase classname="🔌 API Endpoints - Complete Test Suite 💌 Invite System Endpoints GET /api/invites/me should return personal invite link" name="🔌 API Endpoints - Complete Test Suite 💌 Invite System Endpoints GET /api/invites/me should return personal invite link" time="0">
    </testcase>
    <testcase classname="🔌 API Endpoints - Complete Test Suite 💌 Invite System Endpoints POST /api/invites/bonus should grant bonus invites" name="🔌 API Endpoints - Complete Test Suite 💌 Invite System Endpoints POST /api/invites/bonus should grant bonus invites" time="0">
    </testcase>
    <testcase classname="🔌 API Endpoints - Complete Test Suite 🤝 Connection System Endpoints POST /api/connections/add should add user connections" name="🔌 API Endpoints - Complete Test Suite 🤝 Connection System Endpoints POST /api/connections/add should add user connections" time="0.001">
    </testcase>
    <testcase classname="🔌 API Endpoints - Complete Test Suite 🔧 Calendar &amp; OAuth Endpoints GET /api/calendar/oauth/start should initiate OAuth flow" name="🔌 API Endpoints - Complete Test Suite 🔧 Calendar &amp; OAuth Endpoints GET /api/calendar/oauth/start should initiate OAuth flow" time="0.004">
    </testcase>
    <testcase classname="🔌 API Endpoints - Complete Test Suite 🛡️ Security &amp; Error Handling should handle invalid endpoints with 404" name="🔌 API Endpoints - Complete Test Suite 🛡️ Security &amp; Error Handling should handle invalid endpoints with 404" time="0.001">
    </testcase>
    <testcase classname="🔌 API Endpoints - Complete Test Suite 🛡️ Security &amp; Error Handling should handle method not allowed with 405" name="🔌 API Endpoints - Complete Test Suite 🛡️ Security &amp; Error Handling should handle method not allowed with 405" time="0">
    </testcase>
    <testcase classname="🔌 API Endpoints - Complete Test Suite 🛡️ Security &amp; Error Handling should handle request validation errors" name="🔌 API Endpoints - Complete Test Suite 🛡️ Security &amp; Error Handling should handle request validation errors" time="0">
    </testcase>
    <testcase classname="🔌 API Endpoints - Complete Test Suite 🛡️ Security &amp; Error Handling should handle rate limiting" name="🔌 API Endpoints - Complete Test Suite 🛡️ Security &amp; Error Handling should handle rate limiting" time="0">
    </testcase>
    <testcase classname="🔌 API Endpoints - Complete Test Suite 🛡️ Security &amp; Error Handling should validate CORS origins" name="🔌 API Endpoints - Complete Test Suite 🛡️ Security &amp; Error Handling should validate CORS origins" time="0">
    </testcase>
    <testcase classname="🔌 API Endpoints - Complete Test Suite 🛡️ Security &amp; Error Handling should handle JSON parsing errors" name="🔌 API Endpoints - Complete Test Suite 🛡️ Security &amp; Error Handling should handle JSON parsing errors" time="0">
    </testcase>
    <testcase classname="🔌 API Endpoints - Complete Test Suite 🛡️ Security &amp; Error Handling should handle payload size limits" name="🔌 API Endpoints - Complete Test Suite 🛡️ Security &amp; Error Handling should handle payload size limits" time="0.001">
    </testcase>
    <testcase classname="🔌 API Endpoints - Complete Test Suite ⚡ Performance &amp; Monitoring should track response times" name="🔌 API Endpoints - Complete Test Suite ⚡ Performance &amp; Monitoring should track response times" time="0">
    </testcase>
    <testcase classname="🔌 API Endpoints - Complete Test Suite ⚡ Performance &amp; Monitoring should include cost monitoring data" name="🔌 API Endpoints - Complete Test Suite ⚡ Performance &amp; Monitoring should include cost monitoring data" time="0">
    </testcase>
    <testcase classname="🔌 API Endpoints - Complete Test Suite ⚡ Performance &amp; Monitoring should validate cache optimization" name="🔌 API Endpoints - Complete Test Suite ⚡ Performance &amp; Monitoring should validate cache optimization" time="0">
    </testcase>
  </testsuite>
  <testsuite name="Security Module Coverage" errors="0" failures="0" skipped="0" timestamp="2025-08-17T04:52:41" time="0.097" tests="28">
    <testcase classname="Security Module Coverage Origin Validation should validate allowed origins" name="Security Module Coverage Origin Validation should validate allowed origins" time="0">
    </testcase>
    <testcase classname="Security Module Coverage Origin Validation should reject blocked origins" name="Security Module Coverage Origin Validation should reject blocked origins" time="0.001">
    </testcase>
    <testcase classname="Security Module Coverage Origin Validation should handle wildcard patterns" name="Security Module Coverage Origin Validation should handle wildcard patterns" time="0">
    </testcase>
    <testcase classname="Security Module Coverage Origin Validation should handle undefined/null origins" name="Security Module Coverage Origin Validation should handle undefined/null origins" time="0.001">
    </testcase>
    <testcase classname="Security Module Coverage String Sanitization should remove HTML tags" name="Security Module Coverage String Sanitization should remove HTML tags" time="0.004">
    </testcase>
    <testcase classname="Security Module Coverage String Sanitization should decode HTML entities" name="Security Module Coverage String Sanitization should decode HTML entities" time="0">
    </testcase>
    <testcase classname="Security Module Coverage String Sanitization should handle SQL injection attempts" name="Security Module Coverage String Sanitization should handle SQL injection attempts" time="0">
    </testcase>
    <testcase classname="Security Module Coverage String Sanitization should handle null/undefined inputs" name="Security Module Coverage String Sanitization should handle null/undefined inputs" time="0.001">
    </testcase>
    <testcase classname="Security Module Coverage String Sanitization should preserve normal text" name="Security Module Coverage String Sanitization should preserve normal text" time="0">
    </testcase>
    <testcase classname="Security Module Coverage CSRF Token Validation should validate correct CSRF tokens" name="Security Module Coverage CSRF Token Validation should validate correct CSRF tokens" time="0">
    </testcase>
    <testcase classname="Security Module Coverage CSRF Token Validation should reject invalid CSRF tokens" name="Security Module Coverage CSRF Token Validation should reject invalid CSRF tokens" time="0">
    </testcase>
    <testcase classname="Security Module Coverage CSRF Token Validation should handle missing session token" name="Security Module Coverage CSRF Token Validation should handle missing session token" time="0.001">
    </testcase>
    <testcase classname="Security Module Coverage CSRF Token Validation should be case sensitive" name="Security Module Coverage CSRF Token Validation should be case sensitive" time="0">
    </testcase>
    <testcase classname="Security Module Coverage Rate Limiting should allow requests within limit" name="Security Module Coverage Rate Limiting should allow requests within limit" time="0.001">
    </testcase>
    <testcase classname="Security Module Coverage Rate Limiting should block requests over limit" name="Security Module Coverage Rate Limiting should block requests over limit" time="0.001">
    </testcase>
    <testcase classname="Security Module Coverage Rate Limiting should handle different client IDs separately" name="Security Module Coverage Rate Limiting should handle different client IDs separately" time="0">
    </testcase>
    <testcase classname="Security Module Coverage Rate Limiting should reset after time window" name="Security Module Coverage Rate Limiting should reset after time window" time="0">
    </testcase>
    <testcase classname="Security Module Coverage Request Validation should validate required fields" name="Security Module Coverage Request Validation should validate required fields" time="0.001">
    </testcase>
    <testcase classname="Security Module Coverage Request Validation should reject requests missing required fields" name="Security Module Coverage Request Validation should reject requests missing required fields" time="0">
    </testcase>
    <testcase classname="Security Module Coverage Request Validation should validate request size limits" name="Security Module Coverage Request Validation should validate request size limits" time="0">
    </testcase>
    <testcase classname="Security Module Coverage Request Validation should validate content types" name="Security Module Coverage Request Validation should validate content types" time="0">
    </testcase>
    <testcase classname="Security Module Coverage Input Sanitization should sanitize object inputs" name="Security Module Coverage Input Sanitization should sanitize object inputs" time="0">
    </testcase>
    <testcase classname="Security Module Coverage Input Sanitization should handle nested objects" name="Security Module Coverage Input Sanitization should handle nested objects" time="0.001">
    </testcase>
    <testcase classname="Security Module Coverage Input Sanitization should handle arrays" name="Security Module Coverage Input Sanitization should handle arrays" time="0">
    </testcase>
    <testcase classname="Security Module Coverage Input Sanitization should preserve non-string values" name="Security Module Coverage Input Sanitization should preserve non-string values" time="0.001">
    </testcase>
    <testcase classname="Security Module Coverage Error Handling should handle malformed inputs gracefully" name="Security Module Coverage Error Handling should handle malformed inputs gracefully" time="0.001">
    </testcase>
    <testcase classname="Security Module Coverage Error Handling should handle circular references" name="Security Module Coverage Error Handling should handle circular references" time="0">
    </testcase>
    <testcase classname="Security Module Coverage Error Handling should handle extremely large inputs" name="Security Module Coverage Error Handling should handle extremely large inputs" time="0.003">
    </testcase>
  </testsuite>
  <testsuite name="🚀 Professional Intelligence Platform - Core Tests" errors="0" failures="0" skipped="0" timestamp="2025-08-17T04:52:41" time="0.111" tests="15">
    <testcase classname="🚀 Professional Intelligence Platform - Core Tests 📊 System Health should validate test environment setup" name="🚀 Professional Intelligence Platform - Core Tests 📊 System Health should validate test environment setup" time="0.001">
    </testcase>
    <testcase classname="🚀 Professional Intelligence Platform - Core Tests 📊 System Health should have test utilities available" name="🚀 Professional Intelligence Platform - Core Tests 📊 System Health should have test utilities available" time="0.001">
    </testcase>
    <testcase classname="🚀 Professional Intelligence Platform - Core Tests 📊 System Health should create consistent mock data" name="🚀 Professional Intelligence Platform - Core Tests 📊 System Health should create consistent mock data" time="0.001">
    </testcase>
    <testcase classname="🚀 Professional Intelligence Platform - Core Tests 📄 Data Validation should validate event data structure" name="🚀 Professional Intelligence Platform - Core Tests 📄 Data Validation should validate event data structure" time="0.002">
    </testcase>
    <testcase classname="🚀 Professional Intelligence Platform - Core Tests 📄 Data Validation should validate user data structure" name="🚀 Professional Intelligence Platform - Core Tests 📄 Data Validation should validate user data structure" time="0.001">
    </testcase>
    <testcase classname="🚀 Professional Intelligence Platform - Core Tests 📄 Data Validation should validate API response structure" name="🚀 Professional Intelligence Platform - Core Tests 📄 Data Validation should validate API response structure" time="0.001">
    </testcase>
    <testcase classname="🚀 Professional Intelligence Platform - Core Tests ⚡ Performance Validation should measure performance of basic operations" name="🚀 Professional Intelligence Platform - Core Tests ⚡ Performance Validation should measure performance of basic operations" time="0.001">
    </testcase>
    <testcase classname="🚀 Professional Intelligence Platform - Core Tests ⚡ Performance Validation should validate async operation performance" name="🚀 Professional Intelligence Platform - Core Tests ⚡ Performance Validation should validate async operation performance" time="0.015">
    </testcase>
    <testcase classname="🚀 Professional Intelligence Platform - Core Tests ⚡ Performance Validation should validate data processing efficiency" name="🚀 Professional Intelligence Platform - Core Tests ⚡ Performance Validation should validate data processing efficiency" time="0.001">
    </testcase>
    <testcase classname="🚀 Professional Intelligence Platform - Core Tests 🛡️ Error Handling should handle JSON parsing errors gracefully" name="🚀 Professional Intelligence Platform - Core Tests 🛡️ Error Handling should handle JSON parsing errors gracefully" time="0.025">
    </testcase>
    <testcase classname="🚀 Professional Intelligence Platform - Core Tests 🛡️ Error Handling should handle async errors properly" name="🚀 Professional Intelligence Platform - Core Tests 🛡️ Error Handling should handle async errors properly" time="0.001">
    </testcase>
    <testcase classname="🚀 Professional Intelligence Platform - Core Tests 🛡️ Error Handling should validate input sanitization" name="🚀 Professional Intelligence Platform - Core Tests 🛡️ Error Handling should validate input sanitization" time="0">
    </testcase>
    <testcase classname="🚀 Professional Intelligence Platform - Core Tests 🔍 Integration Readiness should be ready for Firebase integration" name="🚀 Professional Intelligence Platform - Core Tests 🔍 Integration Readiness should be ready for Firebase integration" time="0.001">
    </testcase>
    <testcase classname="🚀 Professional Intelligence Platform - Core Tests 🔍 Integration Readiness should be ready for API endpoint testing" name="🚀 Professional Intelligence Platform - Core Tests 🔍 Integration Readiness should be ready for API endpoint testing" time="0">
    </testcase>
    <testcase classname="🚀 Professional Intelligence Platform - Core Tests 🔍 Integration Readiness should validate cache system readiness" name="🚀 Professional Intelligence Platform - Core Tests 🔍 Integration Readiness should validate cache system readiness" time="0">
    </testcase>
  </testsuite>
  <testsuite name="System Integration Tests" errors="0" failures="0" skipped="0" timestamp="2025-08-17T04:52:41" time="0.061" tests="9">
    <testcase classname="System Integration Tests should validate system initialization" name="System Integration Tests should validate system initialization" time="0">
    </testcase>
    <testcase classname="System Integration Tests should handle configuration integration" name="System Integration Tests should handle configuration integration" time="0">
    </testcase>
    <testcase classname="System Integration Tests should validate data transformation pipeline" name="System Integration Tests should validate data transformation pipeline" time="0">
    </testcase>
    <testcase classname="System Integration Tests should handle performance optimization integration" name="System Integration Tests should handle performance optimization integration" time="0.001">
    </testcase>
    <testcase classname="System Integration Tests should validate networking system integration" name="System Integration Tests should validate networking system integration" time="0">
    </testcase>
    <testcase classname="System Integration Tests should handle cache invalidation flow" name="System Integration Tests should handle cache invalidation flow" time="0">
    </testcase>
    <testcase classname="System Integration Tests should validate event delegation system" name="System Integration Tests should validate event delegation system" time="0">
    </testcase>
    <testcase classname="System Integration Tests should handle professional persona integration" name="System Integration Tests should handle professional persona integration" time="0">
    </testcase>
    <testcase classname="System Integration Tests should validate cross-conference persistence" name="System Integration Tests should validate cross-conference persistence" time="0.001">
    </testcase>
  </testsuite>
  <testsuite name="GPT-5 Foundation API" errors="0" failures="3" skipped="0" timestamp="2025-08-17T04:52:41" time="2.431" tests="14">
    <testcase classname="GPT-5 Foundation API Health Endpoint should return basic health status" name="GPT-5 Foundation API Health Endpoint should return basic health status" time="0.039">
    </testcase>
    <testcase classname="GPT-5 Foundation API Health Endpoint should include CORS headers" name="GPT-5 Foundation API Health Endpoint should include CORS headers" time="0.008">
    </testcase>
    <testcase classname="GPT-5 Foundation API Health Endpoint should respond quickly" name="GPT-5 Foundation API Health Endpoint should respond quickly" time="0.017">
    </testcase>
    <testcase classname="GPT-5 Foundation API Parties Endpoint should return parties data" name="GPT-5 Foundation API Parties Endpoint should return parties data" time="0.01">
      <failure>Error: expected 200 &quot;OK&quot;, got 400 &quot;Bad Request&quot;
    at Object.&lt;anonymous&gt; (/workspaces/conference-party-microservice/functions/tests/api-foundation.test.ts:66:10)
    at Promise.then.completed (/workspaces/conference-party-microservice/functions/node_modules/jest-circus/build/utils.js:298:28)
    at new Promise (&lt;anonymous&gt;)
    at callAsyncCircusFn (/workspaces/conference-party-microservice/functions/node_modules/jest-circus/build/utils.js:231:10)
    at _callCircusTest (/workspaces/conference-party-microservice/functions/node_modules/jest-circus/build/run.js:316:40)
    at processTicksAndRejections (node:internal/process/task_queues:105:5)
    at _runTest (/workspaces/conference-party-microservice/functions/node_modules/jest-circus/build/run.js:252:3)
    at _runTestsForDescribeBlock (/workspaces/conference-party-microservice/functions/node_modules/jest-circus/build/run.js:126:9)
    at _runTestsForDescribeBlock (/workspaces/conference-party-microservice/functions/node_modules/jest-circus/build/run.js:121:9)
    at _runTestsForDescribeBlock (/workspaces/conference-party-microservice/functions/node_modules/jest-circus/build/run.js:121:9)
    at run (/workspaces/conference-party-microservice/functions/node_modules/jest-circus/build/run.js:71:3)
    at runAndTransformResultsToJestFormat (/workspaces/conference-party-microservice/functions/node_modules/jest-circus/build/legacy-code-todo-rewrite/jestAdapterInit.js:122:21)
    at jestAdapter (/workspaces/conference-party-microservice/functions/node_modules/jest-circus/build/legacy-code-todo-rewrite/jestAdapter.js:79:19)
    at runTestInternal (/workspaces/conference-party-microservice/functions/node_modules/jest-runner/build/runTest.js:367:16)
    at runTest (/workspaces/conference-party-microservice/functions/node_modules/jest-runner/build/runTest.js:444:34)
----
    at Test._assertStatus (/workspaces/conference-party-microservice/functions/node_modules/supertest/lib/test.js:309:14)
    at /workspaces/conference-party-microservice/functions/node_modules/supertest/lib/test.js:365:13
    at Test._assertFunction (/workspaces/conference-party-microservice/functions/node_modules/supertest/lib/test.js:342:13)
    at Test.assert (/workspaces/conference-party-microservice/functions/node_modules/supertest/lib/test.js:195:23)
    at localAssert (/workspaces/conference-party-microservice/functions/node_modules/supertest/lib/test.js:138:14)
    at Server.&lt;anonymous&gt; (/workspaces/conference-party-microservice/functions/node_modules/supertest/lib/test.js:152:11)
    at Object.onceWrapper (node:events:632:28)
    at Server.emit (node:events:518:28)
    at emitCloseNT (node:net:2419:8)
    at processTicksAndRejections (node:internal/process/task_queues:89:21)</failure>
    </testcase>
    <testcase classname="GPT-5 Foundation API Parties Endpoint should include CORS headers" name="GPT-5 Foundation API Parties Endpoint should include CORS headers" time="0.012">
      <failure>Error: expected 200 &quot;OK&quot;, got 400 &quot;Bad Request&quot;
    at Object.&lt;anonymous&gt; (/workspaces/conference-party-microservice/functions/tests/api-foundation.test.ts:83:10)
    at Promise.then.completed (/workspaces/conference-party-microservice/functions/node_modules/jest-circus/build/utils.js:298:28)
    at new Promise (&lt;anonymous&gt;)
    at callAsyncCircusFn (/workspaces/conference-party-microservice/functions/node_modules/jest-circus/build/utils.js:231:10)
    at _callCircusTest (/workspaces/conference-party-microservice/functions/node_modules/jest-circus/build/run.js:316:40)
    at processTicksAndRejections (node:internal/process/task_queues:105:5)
    at _runTest (/workspaces/conference-party-microservice/functions/node_modules/jest-circus/build/run.js:252:3)
    at _runTestsForDescribeBlock (/workspaces/conference-party-microservice/functions/node_modules/jest-circus/build/run.js:126:9)
    at _runTestsForDescribeBlock (/workspaces/conference-party-microservice/functions/node_modules/jest-circus/build/run.js:121:9)
    at _runTestsForDescribeBlock (/workspaces/conference-party-microservice/functions/node_modules/jest-circus/build/run.js:121:9)
    at run (/workspaces/conference-party-microservice/functions/node_modules/jest-circus/build/run.js:71:3)
    at runAndTransformResultsToJestFormat (/workspaces/conference-party-microservice/functions/node_modules/jest-circus/build/legacy-code-todo-rewrite/jestAdapterInit.js:122:21)
    at jestAdapter (/workspaces/conference-party-microservice/functions/node_modules/jest-circus/build/legacy-code-todo-rewrite/jestAdapter.js:79:19)
    at runTestInternal (/workspaces/conference-party-microservice/functions/node_modules/jest-runner/build/runTest.js:367:16)
    at runTest (/workspaces/conference-party-microservice/functions/node_modules/jest-runner/build/runTest.js:444:34)
----
    at Test._assertStatus (/workspaces/conference-party-microservice/functions/node_modules/supertest/lib/test.js:309:14)
    at /workspaces/conference-party-microservice/functions/node_modules/supertest/lib/test.js:365:13
    at Test._assertFunction (/workspaces/conference-party-microservice/functions/node_modules/supertest/lib/test.js:342:13)
    at Test.assert (/workspaces/conference-party-microservice/functions/node_modules/supertest/lib/test.js:195:23)
    at localAssert (/workspaces/conference-party-microservice/functions/node_modules/supertest/lib/test.js:138:14)
    at Server.&lt;anonymous&gt; (/workspaces/conference-party-microservice/functions/node_modules/supertest/lib/test.js:152:11)
    at Object.onceWrapper (node:events:632:28)
    at Server.emit (node:events:518:28)
    at emitCloseNT (node:net:2419:8)
    at processTicksAndRejections (node:internal/process/task_queues:89:21)</failure>
    </testcase>
    <testcase classname="GPT-5 Foundation API Sync Endpoint should handle GET requests" name="GPT-5 Foundation API Sync Endpoint should handle GET requests" time="0.011">
    </testcase>
    <testcase classname="GPT-5 Foundation API Sync Endpoint should handle POST requests" name="GPT-5 Foundation API Sync Endpoint should handle POST requests" time="0.007">
    </testcase>
    <testcase classname="GPT-5 Foundation API Error Handling should handle 404 for unknown endpoints" name="GPT-5 Foundation API Error Handling should handle 404 for unknown endpoints" time="0.013">
    </testcase>
    <testcase classname="GPT-5 Foundation API Error Handling should handle internal errors gracefully" name="GPT-5 Foundation API Error Handling should handle internal errors gracefully" time="0.016">
    </testcase>
    <testcase classname="GPT-5 Foundation API CORS Handling should handle OPTIONS preflight requests" name="GPT-5 Foundation API CORS Handling should handle OPTIONS preflight requests" time="0.002">
    </testcase>
    <testcase classname="GPT-5 Foundation API CORS Handling should set CORS headers for all requests" name="GPT-5 Foundation API CORS Handling should set CORS headers for all requests" time="0.006">
    </testcase>
    <testcase classname="GPT-5 Foundation API CORS Handling should handle requests from allowed origins" name="GPT-5 Foundation API CORS Handling should handle requests from allowed origins" time="0.006">
      <failure>Error: expect(received).toBe(expected) // Object.is equality

Expected: &quot;https://conference-party-app.firebaseapp.com&quot;
Received: undefined
    at Object.&lt;anonymous&gt; (/workspaces/conference-party-microservice/functions/tests/api-foundation.test.ts:157:63)
    at processTicksAndRejections (node:internal/process/task_queues:105:5)</failure>
    </testcase>
    <testcase classname="GPT-5 Foundation API Performance should respond quickly" name="GPT-5 Foundation API Performance should respond quickly" time="0.005">
    </testcase>
    <testcase classname="GPT-5 Foundation API Performance should include response time in health check" name="GPT-5 Foundation API Performance should include response time in health check" time="0.006">
    </testcase>
  </testsuite>
  <testsuite name="API Unit Tests" errors="0" failures="0" skipped="0" timestamp="2025-08-17T04:52:44" time="0.08" tests="9">
    <testcase classname="API Unit Tests should initialize test environment" name="API Unit Tests should initialize test environment" time="0.001">
    </testcase>
    <testcase classname="API Unit Tests should validate basic functionality" name="API Unit Tests should validate basic functionality" time="0">
    </testcase>
    <testcase classname="API Unit Tests should handle JSON operations" name="API Unit Tests should handle JSON operations" time="0">
    </testcase>
    <testcase classname="API Unit Tests should validate array operations" name="API Unit Tests should validate array operations" time="0.001">
    </testcase>
    <testcase classname="API Unit Tests should handle async operations" name="API Unit Tests should handle async operations" time="0">
    </testcase>
    <testcase classname="API Unit Tests should validate error handling" name="API Unit Tests should validate error handling" time="0.01">
    </testcase>
    <testcase classname="API Unit Tests should handle date operations" name="API Unit Tests should handle date operations" time="0">
    </testcase>
    <testcase classname="API Unit Tests should validate configuration loading" name="API Unit Tests should validate configuration loading" time="0.001">
    </testcase>
    <testcase classname="API Unit Tests should handle performance optimization structures" name="API Unit Tests should handle performance optimization structures" time="0">
    </testcase>
  </testsuite>
</testsuites>