<?xml version="1.0" encoding="UTF-8"?>
<testsuites name="jest tests" tests="19" failures="0" errors="0" time="0.454">
  <testsuite name="System Integration Tests" errors="0" failures="0" skipped="0" timestamp="2025-08-09T14:10:01" time="0.133" tests="9">
    <testcase classname="System Integration Tests should validate system initialization" name="System Integration Tests should validate system initialization" time="0.001">
    </testcase>
    <testcase classname="System Integration Tests should handle configuration integration" name="System Integration Tests should handle configuration integration" time="0">
    </testcase>
    <testcase classname="System Integration Tests should validate data transformation pipeline" name="System Integration Tests should validate data transformation pipeline" time="0.001">
    </testcase>
    <testcase classname="System Integration Tests should handle performance optimization integration" name="System Integration Tests should handle performance optimization integration" time="0.001">
    </testcase>
    <testcase classname="System Integration Tests should validate networking system integration" name="System Integration Tests should validate networking system integration" time="0">
    </testcase>
    <testcase classname="System Integration Tests should handle cache invalidation flow" name="System Integration Tests should handle cache invalidation flow" time="0">
    </testcase>
    <testcase classname="System Integration Tests should validate event delegation system" name="System Integration Tests should validate event delegation system" time="0.001">
    </testcase>
    <testcase classname="System Integration Tests should handle professional persona integration" name="System Integration Tests should handle professional persona integration" time="0">
    </testcase>
    <testcase classname="System Integration Tests should validate cross-conference persistence" name="System Integration Tests should validate cross-conference persistence" time="0.001">
    </testcase>
  </testsuite>
  <testsuite name="API Unit Tests" errors="0" failures="0" skipped="0" timestamp="2025-08-09T14:10:01" time="0.038" tests="9">
    <testcase classname="API Unit Tests should initialize test environment" name="API Unit Tests should initialize test environment" time="0">
    </testcase>
    <testcase classname="API Unit Tests should validate basic functionality" name="API Unit Tests should validate basic functionality" time="0">
    </testcase>
    <testcase classname="API Unit Tests should handle JSON operations" name="API Unit Tests should handle JSON operations" time="0">
    </testcase>
    <testcase classname="API Unit Tests should validate array operations" name="API Unit Tests should validate array operations" time="0">
    </testcase>
    <testcase classname="API Unit Tests should handle async operations" name="API Unit Tests should handle async operations" time="0.001">
    </testcase>
    <testcase classname="API Unit Tests should validate error handling" name="API Unit Tests should validate error handling" time="0.011">
    </testcase>
    <testcase classname="API Unit Tests should handle date operations" name="API Unit Tests should handle date operations" time="0.001">
    </testcase>
    <testcase classname="API Unit Tests should validate configuration loading" name="API Unit Tests should validate configuration loading" time="0">
    </testcase>
    <testcase classname="API Unit Tests should handle performance optimization structures" name="API Unit Tests should handle performance optimization structures" time="0">
    </testcase>
  </testsuite>
  <testsuite name="Dummy Tests" errors="0" failures="0" skipped="0" timestamp="2025-08-09T14:10:01" time="0.036" tests="1">
    <testcase classname="Dummy Tests should pass" name="Dummy Tests should pass" time="0.001">
    </testcase>
  </testsuite>
</testsuites>